<?xml version="1.0" encoding="UTF-8"?>
<!-- Generated by org.testng.reporters.JUnitXMLReporter -->
<testsuite ignored="0" hostname="ASUS" failures="2" tests="3" name="ErrorValidation Test" time="58.132" errors="0" timestamp="09 Apr 2023 02:45:44 GMT">
  <testcase classname="Rakesh.test.ErrorValidationTest" name="loginErrorValidation" time="1.639">
    <skipped/>
  </testcase> <!-- loginErrorValidation -->
  <testcase classname="Rakesh.test.ErrorValidationTest" name="loginErrorValidation" time="1.609">
    <failure type="java.lang.AssertionError" message="expected [Incorrect email or password.] but found [Incorrect email  password.]">
      <![CDATA[java.lang.AssertionError: expected [Incorrect email or password.] but found [Incorrect email  password.]
at Rakesh.test.ErrorValidationTest.loginErrorValidation(ErrorValidationTest.java:28)
at java.base/java.util.concurrent.FutureTask.run(FutureTask.java:264)
at java.base/java.util.concurrent.ThreadPoolExecutor.runWorker(ThreadPoolExecutor.java:1136)
at java.base/java.util.concurrent.ThreadPoolExecutor$Worker.run(ThreadPoolExecutor.java:635)
at java.base/java.lang.Thread.run(Thread.java:833)
... Removed 22 stack frames]]>
    </failure>
  </testcase> <!-- loginErrorValidation -->
  <testcase classname="Rakesh.test.ErrorValidationTest" name="loginErrorValidation" time="57.565">
    <failure type="java.lang.NullPointerException">
      <![CDATA[java.lang.NullPointerException
at java.base/java.io.File.<init>(File.java:278)
at Rakesh.Testcomponents.BaseTest.getScreenshot(BaseTest.java:81)
at Rakesh.Testcomponents.Listeners.onTestFailure(Listeners.java:84)
at java.base/java.util.concurrent.FutureTask.run(FutureTask.java:264)
at java.base/java.util.concurrent.ThreadPoolExecutor.runWorker(ThreadPoolExecutor.java:1136)
at java.base/java.util.concurrent.ThreadPoolExecutor$Worker.run(ThreadPoolExecutor.java:635)
at java.base/java.lang.Thread.run(Thread.java:833)
... Removed 13 stack frames]]>
    </failure>
  </testcase> <!-- loginErrorValidation -->
</testsuite> <!-- ErrorValidation Test -->
